#
# A fatal error has been detected by the Java Runtime Environment:
#
#  EXCEPTION_ACCESS_VIOLATION (0xc0000005) at pc=0x000000006e7b248b, pid=13000, tid=4168
#
# JRE version: Java(TM) SE Runtime Environment (7.0_51-b13) (build 1.7.0_51-b13)
# Java VM: Java HotSpot(TM) 64-Bit Server VM (24.51-b03 mixed mode windows-amd64 compressed oops)
# Problematic frame:
# V  [jvm.dll+0x14248b]
#
# Failed to write core dump. Minidumps are not enabled by default on client versions of Windows
#
# If you would like to submit a bug report, please visit:
#   http://bugreport.sun.com/bugreport/crash.jsp
#

---------------  T H R E A D  ---------------

Current thread (0x00000000108db000):  JavaThread "JDWP Transport Listener: dt_socket" daemon [_thread_in_vm, id=4168, stack(0x00000000128d0000,0x00000000129d0000)]

siginfo: ExceptionCode=0xc0000005, reading address 0xffffffffffffffff

Registers:
RAX=0x00000000129cf001, RBX=0x00000000108db000, RCX=0x4c5b2b00003b6e6f, RDX=0x0000000000000000
RSP=0x00000000129cf050, RBP=0x4c5b2b00003b6e6f, RSI=0x00000000129cf168, RDI=0x0000000001e8a1c0
R8 =0x00000000108db000, R9 =0x0000007c0002001e, R10=0x61636f4c6d726f74, R11=0x0000000010972a75
R12=0x0000000000000000, R13=0x0000000001d6f698, R14=0x0000000000000000, R15=0x0000000000000000
RIP=0x000000006e7b248b, EFLAGS=0x0000000000010206

Top of Stack: (sp=0x00000000129cf050)
0x00000000129cf050:   00000000108db000 0000000000000003
0x00000000129cf060:   00000000129cf118 000000006e951239
0x00000000129cf070:   00000000108db000 000000006e96ede2
0x00000000129cf080:   0000000000000074 000000006bfd8e89
0x00000000129cf090:   00000000109c58f8 000000006bfe265a
0x00000000129cf0a0:   00000000108db000 0000000000000000
0x00000000129cf0b0:   0000000000000000 0000000000000000
0x00000000129cf0c0:   4c5b2b00003b6e6f 000000006bfe1751
0x00000000129cf0d0:   00000000129cf168 00000000129cf140
0x00000000129cf0e0:   0000000000000001 00000000109c58f8
0x00000000129cf0f0:   4c5b2b00003b6e6f 000000006bfc53b3
0x00000000129cf100:   00000000129cf230 0000000000000001
0x00000000129cf110:   0000000000000001 00000000109c58f8
0x00000000129cf120:   000000000000000a 0000000000000000
0x00000000129cf130:   0000000000000000 0000000000000000
0x00000000129cf140:   0000000000000001 000000006bfc5571 

Instructions: (pc=0x000000006e7b248b)
0x000000006e7b246b:   48 8b 5c 24 30 48 89 47 18 48 83 c4 20 5f c3 cc
0x000000006e7b247b:   cc cc cc cc cc 40 53 48 83 ec 20 48 85 c9 74 54
0x000000006e7b248b:   48 8b 19 48 85 db 74 4c 48 b8 fe fe fe fe fe fe
0x000000006e7b249b:   fe fe 48 3b d8 74 3d 80 3d 8f 87 60 00 00 74 15 


Register to memory mapping:

RAX=0x00000000129cf001 is pointing into the stack for thread: 0x00000000108db000
RBX=0x00000000108db000 is a thread
RCX=0x4c5b2b00003b6e6f is an unknown value
RDX=0x0000000000000000 is an unknown value
RSP=0x00000000129cf050 is pointing into the stack for thread: 0x00000000108db000
RBP=0x4c5b2b00003b6e6f is an unknown value
RSI=0x00000000129cf168 is pointing into the stack for thread: 0x00000000108db000
RDI=0x0000000001e8a1c0 is an unknown value
R8 =0x00000000108db000 is a thread
R9 =0x0000007c0002001e is an unknown value
R10=0x61636f4c6d726f74 is an unknown value
R11=0x0000000010972a75 is an unknown value
R12=0x0000000000000000 is an unknown value
R13=0x0000000001d6f698 is an unknown value
R14=0x0000000000000000 is an unknown value
R15=0x0000000000000000 is an unknown value


Stack: [0x00000000128d0000,0x00000000129d0000],  sp=0x00000000129cf050,  free space=1020k
Native frames: (J=compiled Java code, j=interpreted, Vv=VM code, C=native code)
V  [jvm.dll+0x14248b]


---------------  P R O C E S S  ---------------

Java Threads: ( => current thread )
  0x00000000108fd800 JavaThread "Service Thread" daemon [_thread_blocked, id=37644, stack(0x0000000012be0000,0x0000000012ce0000)]
  0x00000000108fc000 JavaThread "C2 CompilerThread1" daemon [_thread_blocked, id=37692, stack(0x0000000012e30000,0x0000000012f30000)]
  0x00000000108fa800 JavaThread "C2 CompilerThread0" daemon [_thread_blocked, id=36020, stack(0x0000000012ce0000,0x0000000012de0000)]
  0x00000000108e6000 JavaThread "JDWP Command Reader" daemon [_thread_in_native, id=35052, stack(0x0000000011c30000,0x0000000011d30000)]
  0x00000000108e1000 JavaThread "JDWP Event Helper Thread" daemon [_thread_blocked, id=7584, stack(0x0000000012ab0000,0x0000000012bb0000)]
=>0x00000000108db000 JavaThread "JDWP Transport Listener: dt_socket" daemon [_thread_in_vm, id=4168, stack(0x00000000128d0000,0x00000000129d0000)]
  0x000000000ee78800 JavaThread "Attach Listener" daemon [_thread_blocked, id=12404, stack(0x00000000120a0000,0x00000000121a0000)]
  0x000000000ee77800 JavaThread "Signal Dispatcher" daemon [_thread_blocked, id=14484, stack(0x0000000011f90000,0x0000000012090000)]
  0x0000000001ddd800 JavaThread "Finalizer" daemon [_thread_blocked, id=1524, stack(0x0000000011d50000,0x0000000011e50000)]
  0x0000000001dd6800 JavaThread "Reference Handler" daemon [_thread_blocked, id=37868, stack(0x0000000011b20000,0x0000000011c20000)]
  0x0000000001d48800 JavaThread "main" [_thread_blocked, id=5184, stack(0x0000000001fb0000,0x00000000020b0000)]

Other Threads:
  0x000000000ee5e800 VMThread [stack: 0x0000000011930000,0x0000000011a30000] [id=37856]
  0x0000000010910000 WatcherThread [stack: 0x0000000013010000,0x0000000013110000] [id=37744]

VM state:not at safepoint (normal execution)

VM Mutex/Monitor currently owned by a thread: None

Heap
 PSYoungGen      total 1085952K, used 579339K [0x00000007aaa80000, 0x0000000800000000, 0x0000000800000000)
  eden space 897536K, 64% used [0x00000007aaa80000,0x00000007ce042ff8,0x00000007e1700000)
  from space 188416K, 0% used [0x00000007f4800000,0x00000007f4800000,0x0000000800000000)
  to   space 250368K, 0% used [0x00000007e1700000,0x00000007e1700000,0x00000007f0b80000)
 ParOldGen       total 550912K, used 279573K [0x0000000700000000, 0x0000000721a00000, 0x00000007aaa80000)
  object space 550912K, 50% used [0x0000000700000000,0x00000007111055a0,0x0000000721a00000)
 PSPermGen       total 21504K, used 6013K [0x00000006fae00000, 0x00000006fc300000, 0x0000000700000000)
  object space 21504K, 27% used [0x00000006fae00000,0x00000006fb3df4b8,0x00000006fc300000)

Card table byte_map: [0x00000000050b0000,0x00000000058e0000] byte_map_base: 0x00000000018d9000

Polling page: 0x0000000000110000

Code Cache  [0x00000000020b0000, 0x0000000002360000, 0x00000000050b0000)
 total_blobs=517 nmethods=255 adapters=223 free_code_cache=46510Kb largest_free_block=47545024

Compilation events (10 events):
Event: 66.433 Thread 0x00000000108fc000 nmethod 260 0x00000000023164d0 code [0x0000000002316620, 0x0000000002316798]
Event: 66.433 Thread 0x00000000108fc000  261             java.util.TimSort::mergeAt (358 bytes)
Event: 66.433 Thread 0x00000000108fa800 nmethod 259 0x0000000002127a90 code [0x0000000002127be0, 0x0000000002127eb8]
Event: 66.436 Thread 0x00000000108fc000 nmethod 261 0x0000000002254790 code [0x0000000002254920, 0x0000000002254df0]
Event: 66.446 Thread 0x00000000108fa800  262             java.util.TimSort::ensureCapacity (85 bytes)
Event: 66.447 Thread 0x00000000108fa800 nmethod 262 0x00000000021a5490 code [0x00000000021a55e0, 0x00000000021a57f8]
Event: 66.448 Thread 0x00000000108fc000  263 %           java.util.TimSort::sort @ 76 (204 bytes)
Event: 66.453 Thread 0x00000000108fc000 nmethod 263% 0x00000000021a2450 code [0x00000000021a2600, 0x00000000021a2fa0]
Event: 66.753 Thread 0x00000000108fa800  264             java.util.TimSort::sort (204 bytes)
Event: 66.759 Thread 0x00000000108fa800 nmethod 264 0x0000000002317310 code [0x0000000002317500, 0x0000000002317f60]

GC Heap History (10 events):
Event: 8.038 GC heap before
{Heap before GC invocations=5 (full 0):
 PSYoungGen      total 549888K, used 549885K [0x00000007aaa80000, 0x00000007cd880000, 0x0000000800000000)
  eden space 528384K, 100% used [0x00000007aaa80000,0x00000007cae80000,0x00000007cae80000)
  from space 21504K, 99% used [0x00000007cc380000,0x00000007cd87f568,0x00000007cd880000)
  to   space 21504K, 0% used [0x00000007cae80000,0x00000007cae80000,0x00000007cc380000)
 ParOldGen       total 349696K, used 24560K [0x0000000700000000, 0x0000000715580000, 0x00000007aaa80000)
  object space 349696K, 7% used [0x0000000700000000,0x00000007017fc000,0x0000000715580000)
 PSPermGen       total 21504K, used 5321K [0x00000006fae00000, 0x00000006fc300000, 0x0000000700000000)
  object space 21504K, 24% used [0x00000006fae00000,0x00000006fb332788,0x00000006fc300000)
Event: 8.101 GC heap after
Heap after GC invocations=5 (full 0):
 PSYoungGen      total 549888K, used 21492K [0x00000007aaa80000, 0x00000007fc380000, 0x0000000800000000)
  eden space 528384K, 0% used [0x00000007aaa80000,0x00000007aaa80000,0x00000007cae80000)
  from space 21504K, 99% used [0x00000007cae80000,0x00000007cc37d058,0x00000007cc380000)
  to   space 139776K, 0% used [0x00000007f3b00000,0x00000007f3b00000,0x00000007fc380000)
 ParOldGen       total 349696K, used 170871K [0x0000000700000000, 0x0000000715580000, 0x00000007aaa80000)
  object space 349696K, 48% used [0x0000000700000000,0x000000070a6dde38,0x0000000715580000)
 PSPermGen       total 21504K, used 5321K [0x00000006fae00000, 0x00000006fc300000, 0x0000000700000000)
  object space 21504K, 24% used [0x00000006fae00000,0x00000006fb332788,0x00000006fc300000)
}
Event: 16.032 GC heap before
{Heap before GC invocations=6 (full 0):
 PSYoungGen      total 549888K, used 545404K [0x00000007aaa80000, 0x00000007fc380000, 0x0000000800000000)
  eden space 528384K, 99% used [0x00000007aaa80000,0x00000007caa22110,0x00000007cae80000)
  from space 21504K, 99% used [0x00000007cae80000,0x00000007cc37d058,0x00000007cc380000)
  to   space 139776K, 0% used [0x00000007f3b00000,0x00000007f3b00000,0x00000007fc380000)
 ParOldGen       total 349696K, used 170871K [0x0000000700000000, 0x0000000715580000, 0x00000007aaa80000)
  object space 349696K, 48% used [0x0000000700000000,0x000000070a6dde38,0x0000000715580000)
 PSPermGen       total 21504K, used 5521K [0x00000006fae00000, 0x00000006fc300000, 0x0000000700000000)
  object space 21504K, 25% used [0x00000006fae00000,0x00000006fb3645e8,0x00000006fc300000)
Event: 16.066 GC heap after
Heap after GC invocations=6 (full 0):
 PSYoungGen      total 1151488K, used 139763K [0x00000007aaa80000, 0x0000000800000000, 0x0000000800000000)
  eden space 1011712K, 0% used [0x00000007aaa80000,0x00000007aaa80000,0x00000007e8680000)
  from space 139776K, 99% used [0x00000007f3b00000,0x00000007fc37cfe0,0x00000007fc380000)
  to   space 184832K, 0% used [0x00000007e8680000,0x00000007e8680000,0x00000007f3b00000)
 ParOldGen       total 349696K, used 187336K [0x0000000700000000, 0x0000000715580000, 0x00000007aaa80000)
  object space 349696K, 53% used [0x0000000700000000,0x000000070b6f23e8,0x0000000715580000)
 PSPermGen       total 21504K, used 5521K [0x00000006fae00000, 0x00000006fc300000, 0x0000000700000000)
  object space 21504K, 25% used [0x00000006fae00000,0x00000006fb3645e8,0x00000006fc300000)
}
Event: 25.740 GC heap before
{Heap before GC invocations=7 (full 0):
 PSYoungGen      total 1151488K, used 1151475K [0x00000007aaa80000, 0x0000000800000000, 0x0000000800000000)
  eden space 1011712K, 100% used [0x00000007aaa80000,0x00000007e8680000,0x00000007e8680000)
  from space 139776K, 99% used [0x00000007f3b00000,0x00000007fc37cfe0,0x00000007fc380000)
  to   space 184832K, 0% used [0x00000007e8680000,0x00000007e8680000,0x00000007f3b00000)
 ParOldGen       total 349696K, used 187336K [0x0000000700000000, 0x0000000715580000, 0x00000007aaa80000)
  object space 349696K, 53% used [0x0000000700000000,0x000000070b6f23e8,0x0000000715580000)
 PSPermGen       total 21504K, used 5678K [0x00000006fae00000, 0x00000006fc300000, 0x0000000700000000)
  object space 21504K, 26% used [0x00000006fae00000,0x00000006fb38b858,0x00000006fc300000)
Event: 25.775 GC heap after
Heap after GC invocations=7 (full 0):
 PSYoungGen      total 1196544K, used 108937K [0x00000007aaa80000, 0x0000000800000000, 0x0000000800000000)
  eden space 1011712K, 0% used [0x00000007aaa80000,0x00000007aaa80000,0x00000007e8680000)
  from space 184832K, 58% used [0x00000007e8680000,0x00000007ef0e2790,0x00000007f3b00000)
  to   space 188416K, 0% used [0x00000007f4800000,0x00000007f4800000,0x0000000800000000)
 ParOldGen       total 349696K, used 187709K [0x0000000700000000, 0x0000000715580000, 0x00000007aaa80000)
  object space 349696K, 53% used [0x0000000700000000,0x000000070b74f448,0x0000000715580000)
 PSPermGen       total 21504K, used 5678K [0x00000006fae00000, 0x00000006fc300000, 0x0000000700000000)
  object space 21504K, 26% used [0x00000006fae00000,0x00000006fb38b858,0x00000006fc300000)
}
Event: 33.334 GC heap before
{Heap before GC invocations=8 (full 0):
 PSYoungGen      total 1196544K, used 1108532K [0x00000007aaa80000, 0x0000000800000000, 0x0000000800000000)
  eden space 1011712K, 98% used [0x00000007aaa80000,0x00000007e7aaa8a0,0x00000007e8680000)
  from space 184832K, 58% used [0x00000007e8680000,0x00000007ef0e2790,0x00000007f3b00000)
  to   space 188416K, 0% used [0x00000007f4800000,0x00000007f4800000,0x0000000800000000)
 ParOldGen       total 349696K, used 187709K [0x0000000700000000, 0x0000000715580000, 0x00000007aaa80000)
  object space 349696K, 53% used [0x0000000700000000,0x000000070b74f448,0x0000000715580000)
 PSPermGen       total 21504K, used 5678K [0x00000006fae00000, 0x00000006fc300000, 0x0000000700000000)
  object space 21504K, 26% used [0x00000006fae00000,0x00000006fb38bb20,0x00000006fc300000)
Event: 33.391 GC heap after
Heap after GC invocations=8 (full 0):
 PSYoungGen      total 1085952K, used 188394K [0x00000007aaa80000, 0x0000000800000000, 0x0000000800000000)
  eden space 897536K, 0% used [0x00000007aaa80000,0x00000007aaa80000,0x00000007e1700000)
  from space 188416K, 99% used [0x00000007f4800000,0x00000007ffffabe8,0x0000000800000000)
  to   space 250368K, 0% used [0x00000007e1700000,0x00000007e1700000,0x00000007f0b80000)
 ParOldGen       total 349696K, used 246189K [0x0000000700000000, 0x0000000715580000, 0x00000007aaa80000)
  object space 349696K, 70% used [0x0000000700000000,0x000000070f06b448,0x0000000715580000)
 PSPermGen       total 21504K, used 5678K [0x00000006fae00000, 0x00000006fc300000, 0x0000000700000000)
  object space 21504K, 26% used [0x00000006fae00000,0x00000006fb38bb20,0x00000006fc300000)
}
Event: 33.391 GC heap before
{Heap before GC invocations=9 (full 1):
 PSYoungGen      total 1085952K, used 188394K [0x00000007aaa80000, 0x0000000800000000, 0x0000000800000000)
  eden space 897536K, 0% used [0x00000007aaa80000,0x00000007aaa80000,0x00000007e1700000)
  from space 188416K, 99% used [0x00000007f4800000,0x00000007ffffabe8,0x0000000800000000)
  to   space 250368K, 0% used [0x00000007e1700000,0x00000007e1700000,0x00000007f0b80000)
 ParOldGen       total 349696K, used 246189K [0x0000000700000000, 0x0000000715580000, 0x00000007aaa80000)
  object space 349696K, 70% used [0x0000000700000000,0x000000070f06b448,0x0000000715580000)
 PSPermGen       total 21504K, used 5678K [0x00000006fae00000, 0x00000006fc300000, 0x0000000700000000)
  object space 21504K, 26% used [0x00000006fae00000,0x00000006fb38bb20,0x00000006fc300000)
Event: 33.687 GC heap after
Heap after GC invocations=9 (full 1):
 PSYoungGen      total 1085952K, used 0K [0x00000007aaa80000, 0x0000000800000000, 0x0000000800000000)
  eden space 897536K, 0% used [0x00000007aaa80000,0x00000007aaa80000,0x00000007e1700000)
  from space 188416K, 0% used [0x00000007f4800000,0x00000007f4800000,0x0000000800000000)
  to   space 250368K, 0% used [0x00000007e1700000,0x00000007e1700000,0x00000007f0b80000)
 ParOldGen       total 550912K, used 279573K [0x0000000700000000, 0x0000000721a00000, 0x00000007aaa80000)
  object space 550912K, 50% used [0x0000000700000000,0x00000007111055a0,0x0000000721a00000)
 PSPermGen       total 21504K, used 5677K [0x00000006fae00000, 0x00000006fc300000, 0x0000000700000000)
  object space 21504K, 26% used [0x00000006fae00000,0x00000006fb38b408,0x00000006fc300000)
}

Deoptimization events (10 events):
Event: 43.138 Thread 0x0000000001d48800 Uncommon trap: reason=range_check action=none pc=0x000000000214c4a4 method=StormLib.StormData.addFilteredPoints([[FDIDLjava/util/ArrayList;)[[F @ 132
Event: 43.138 Thread 0x0000000001d48800 Uncommon trap: reason=range_check action=none pc=0x00000000021515c4 method=StormLib.StormData.addFilteredPoints([[FDIDLjava/util/ArrayList;)[[F @ 132
Event: 65.782 Thread 0x0000000001d48800 Uncommon trap: reason=unloaded action=reinterpret pc=0x000000000225bb9c method=ij.plugin.filter.MaximumFinder.getSortedMaxPoints(Lij/process/ImageProcessor;Lij/process/ByteProcessor;ZZFFD)[J @ 584
Event: 65.994 Thread 0x0000000001d48800 Uncommon trap: reason=unreached action=reinterpret pc=0x0000000002326a18 method=ij.plugin.filter.MaximumFinder.analyzeAndMarkMaxima(Lij/process/ImageProcessor;Lij/process/ByteProcessor;[JZZFDIF)V @ 958
Event: 66.055 Thread 0x0000000001d48800 Uncommon trap: reason=unloaded action=reinterpret pc=0x0000000002256cfc method=ij.plugin.filter.MaximumFinder.getSortedMaxPoints(Lij/process/ImageProcessor;Lij/process/ByteProcessor;ZZFFD)[J @ 584
Event: 66.055 Thread 0x0000000001d48800 Uncommon trap: reason=range_check action=make_not_entrant pc=0x000000000231c3c8 method=java.util.DualPivotQuicksort.sort([JIIZ)V @ 36
Event: 66.343 Thread 0x0000000001d48800 Uncommon trap: reason=class_check action=maybe_recompile pc=0x0000000002165b08 method=java.util.TimSort.countRunAndMakeAscending([Ljava/lang/Object;IILjava/util/Comparator;)I @ 43
Event: 66.343 Thread 0x0000000001d48800 Uncommon trap: reason=class_check action=maybe_recompile pc=0x0000000002165b08 method=java.util.TimSort.countRunAndMakeAscending([Ljava/lang/Object;IILjava/util/Comparator;)I @ 43
Event: 66.343 Thread 0x0000000001d48800 Uncommon trap: reason=class_check action=maybe_recompile pc=0x0000000002165b08 method=java.util.TimSort.countRunAndMakeAscending([Ljava/lang/Object;IILjava/util/Comparator;)I @ 43
Event: 66.343 Thread 0x0000000001d48800 Uncommon trap: reason=class_check action=maybe_recompile pc=0x0000000002165b08 method=java.util.TimSort.countRunAndMakeAscending([Ljava/lang/Object;IILjava/util/Comparator;)I @ 43

Internal exceptions (10 events):
Event: 65.646 Thread 0x0000000001d48800 Threw 0x00000007c9b02510 at C:\re\jdk7u51\527\hotspot\src\share\vm\prims\jvm.cpp:1244
Event: 65.646 Thread 0x0000000001d48800 Threw 0x00000007c9b06f88 at C:\re\jdk7u51\527\hotspot\src\share\vm\prims\jvm.cpp:1244
Event: 65.647 Thread 0x0000000001d48800 Threw 0x00000007c9b0e548 at C:\re\jdk7u51\527\hotspot\src\share\vm\prims\jvm.cpp:1244
Event: 65.649 Thread 0x0000000001d48800 Threw 0x00000007c9b24050 at C:\re\jdk7u51\527\hotspot\src\share\vm\prims\jvm.cpp:1244
Event: 65.715 Thread 0x0000000001d48800 Threw 0x00000007c9d3b190 at C:\re\jdk7u51\527\hotspot\src\share\vm\prims\jvm.cpp:1244
Event: 65.717 Thread 0x0000000001d48800 Threw 0x00000007c9d46990 at C:\re\jdk7u51\527\hotspot\src\share\vm\prims\jvm.cpp:1244
Event: 65.719 Thread 0x0000000001d48800 Threw 0x00000007c9d6b010 at C:\re\jdk7u51\527\hotspot\src\share\vm\prims\jvm.cpp:1244
Event: 65.722 Thread 0x0000000001d48800 Threw 0x00000007c9d78500 at C:\re\jdk7u51\527\hotspot\src\share\vm\prims\jvm.cpp:1244
Event: 65.723 Thread 0x0000000001d48800 Threw 0x00000007c9d7b9a8 at C:\re\jdk7u51\527\hotspot\src\share\vm\prims\jvm.cpp:1244
Event: 66.340 Thread 0x0000000001d48800 Threw 0x00000007c9fe3198 at C:\re\jdk7u51\527\hotspot\src\share\vm\prims\jvm.cpp:1244

Events (10 events):
Event: 3814.918 Executing VM operation: EnterInterpOnlyMode
Event: 3814.919 Executing VM operation: EnterInterpOnlyMode done
Event: 3814.919 Executing VM operation: ChangeSingleStep
Event: 3814.919 Executing VM operation: ChangeSingleStep done
Event: 3814.919 Executing VM operation: ChangeSingleStep
Event: 3814.919 Executing VM operation: ChangeSingleStep done
Event: 3814.923 Executing VM operation: RedefineClasses
Event: 3814.925 Executing VM operation: RedefineClasses done
Event: 3814.929 Executing VM operation: ChangeBreakpoints
Event: 3814.929 Executing VM operation: ChangeBreakpoints done


Dynamic libraries:
0x000000013f130000 - 0x000000013f163000 	C:\Program Files\Java\jre7\bin\javaw.exe
0x0000000077770000 - 0x0000000077919000 	C:\Windows\SYSTEM32\ntdll.dll
0x0000000077650000 - 0x000000007776f000 	C:\Windows\system32\kernel32.dll
0x000007fefdce0000 - 0x000007fefdd4c000 	C:\Windows\system32\KERNELBASE.dll
0x000007fefe0a0000 - 0x000007fefe17b000 	C:\Windows\system32\ADVAPI32.dll
0x000007fefe5d0000 - 0x000007fefe66f000 	C:\Windows\system32\msvcrt.dll
0x000007feff860000 - 0x000007feff87f000 	C:\Windows\SYSTEM32\sechost.dll
0x000007fefe410000 - 0x000007fefe53d000 	C:\Windows\system32\RPCRT4.dll
0x00000000773f0000 - 0x00000000774ea000 	C:\Windows\system32\USER32.dll
0x000007fefe9b0000 - 0x000007fefea17000 	C:\Windows\system32\GDI32.dll
0x000007fefe5c0000 - 0x000007fefe5ce000 	C:\Windows\system32\LPK.dll
0x000007fefdfd0000 - 0x000007fefe099000 	C:\Windows\system32\USP10.dll
0x000007fefcc40000 - 0x000007fefce34000 	C:\Windows\WinSxS\amd64_microsoft.windows.common-controls_6595b64144ccf1df_6.0.7601.17514_none_fa396087175ac9ac\COMCTL32.dll
0x000007fefe540000 - 0x000007fefe5b1000 	C:\Windows\system32\SHLWAPI.dll
0x000007fefdfa0000 - 0x000007fefdfce000 	C:\Windows\system32\IMM32.DLL
0x000007fefe180000 - 0x000007fefe289000 	C:\Windows\system32\MSCTF.dll
0x000007fefdba0000 - 0x000007fefdbcf000 	C:\Windows\system32\nvinitx.dll
0x000000000f000000 - 0x000000000f006000 	C:\Program Files\NVIDIA Corporation\CoProcManager\_etoured.dll
0x000007fef7980000 - 0x000007fef79df000 	C:\Program Files\NVIDIA Corporation\CoProcManager\nvd3d9wrapx.dll
0x000007feff8a0000 - 0x000007feffa77000 	C:\Windows\system32\SETUPAPI.dll
0x000007fefdd50000 - 0x000007fefdd86000 	C:\Windows\system32\CFGMGR32.dll
0x000007fefe330000 - 0x000007fefe407000 	C:\Windows\system32\OLEAUT32.dll
0x000007fefe7a0000 - 0x000007fefe9a3000 	C:\Windows\system32\ole32.dll
0x000007fefdc80000 - 0x000007fefdc9a000 	C:\Windows\system32\DEVOBJ.dll
0x000007fef7930000 - 0x000007fef7976000 	C:\Program Files\NVIDIA Corporation\CoProcManager\nvdxgiwrapx.dll
0x0000000050470000 - 0x0000000050542000 	C:\Program Files\Java\jre7\bin\msvcr100.dll
0x000000006e670000 - 0x000000006ee39000 	C:\Program Files\Java\jre7\bin\server\jvm.dll
0x000007fefa2e0000 - 0x000007fefa2e9000 	C:\Windows\system32\WSOCK32.dll
0x000007fefea20000 - 0x000007fefea6d000 	C:\Windows\system32\WS2_32.dll
0x000007fefe670000 - 0x000007fefe678000 	C:\Windows\system32\NSI.dll
0x000007fefb150000 - 0x000007fefb18b000 	C:\Windows\system32\WINMM.dll
0x0000000077930000 - 0x0000000077937000 	C:\Windows\system32\PSAPI.DLL
0x0000000062c90000 - 0x0000000062c9f000 	C:\Program Files\Java\jre7\bin\verify.dll
0x000000005f6f0000 - 0x000000005f718000 	C:\Program Files\Java\jre7\bin\java.dll
0x000000006bfc0000 - 0x000000006bff5000 	C:\Program Files\Java\jre7\bin\jdwp.dll
0x000000006e560000 - 0x000000006e568000 	C:\Program Files\Java\jre7\bin\npt.dll
0x0000000060d00000 - 0x0000000060d15000 	C:\Program Files\Java\jre7\bin\zip.dll
0x000000006f210000 - 0x000000006f219000 	C:\Program Files\Java\jre7\bin\dt_socket.dll
0x000007fefb9d0000 - 0x000007fefb9e5000 	C:\Windows\system32\NLAapi.dll
0x000007fefa0e0000 - 0x000007fefa0f5000 	C:\Windows\system32\napinsp.dll
0x000007fefa0c0000 - 0x000007fefa0d9000 	C:\Windows\system32\pnrpnsp.dll
0x000007fefd3b0000 - 0x000007fefd405000 	C:\Windows\System32\mswsock.dll
0x000007fefd240000 - 0x000007fefd29b000 	C:\Windows\system32\DNSAPI.dll
0x000007fefa0b0000 - 0x000007fefa0bb000 	C:\Windows\System32\winrnr.dll
0x000007fefa0a0000 - 0x000007fefa0b0000 	C:\Windows\system32\wshbth.dll
0x000007fefb100000 - 0x000007fefb127000 	C:\Windows\system32\IPHLPAPI.DLL
0x000007fefb0b0000 - 0x000007fefb0bb000 	C:\Windows\system32\WINNSI.DLL
0x000007fefadb0000 - 0x000007fefae03000 	C:\Windows\System32\fwpuclnt.dll
0x000007fef88b0000 - 0x000007fef88b8000 	C:\Windows\system32\rasadhlp.dll
0x000007fefc710000 - 0x000007fefc717000 	C:\Windows\System32\wshtcpip.dll
0x0000000066c60000 - 0x0000000066df5000 	C:\Program Files\Java\jre7\bin\awt.dll
0x000007fef99e0000 - 0x000007fef9b05000 	C:\Windows\system32\dbghelp.dll

VM Arguments:
jvm_args: -agentlib:jdwp=transport=dt_socket,suspend=y,address=localhost:17424 -Duser.language=en -Duser.country=US -Xms512m -Xmx4096M -Dfile.encoding=Cp1252 
java_command: driftAnalysis.Main
Launcher Type: SUN_STANDARD

Environment Variables:
PATH=C:\Program Files\Perl\site\bin;C:\Program Files\Perl\bin;C:\Program Files (x86)\Intel\iCLS Client\;C:\Program Files\Intel\iCLS Client\;C:\Windows\system32;C:\Windows;C:\Windows\System32\Wbem;C:\Windows\System32\WindowsPowerShell\v1.0\;C:\Program Files\ThinkPad\Bluetooth Software\;C:\Program Files\ThinkPad\Bluetooth Software\syswow64;C:\Program Files\Intel\Intel(R) Management Engine Components\DAL;C:\Program Files\Intel\Intel(R) Management Engine Components\IPT;C:\Program Files (x86)\Intel\Intel(R) Management Engine Components\DAL;C:\Program Files (x86)\Intel\Intel(R) Management Engine Components\IPT;C:\Program Files\Common Files\Lenovo;C:\SWTOOLS\ReadyApps;C:\Program Files (x86)\Symantec\VIP Access Client\;C:\Program Files (x86)\Common Files\Lenovo;C:\Program Files\Microsoft SQL Server\110\Tools\Binn\;c:\Libraries\bin;c:\Libraries\lib;C:\Program Files\MiKTeX 2.9\miktex\bin\x64\;C:\Program Files\Microsoft Windows Performance Toolkit;C:\Program Files\Microsoft\Web Platform Installer\;C:\Program Files (x86)\Microsoft ASP.NET\ASP.NET Web Pages\v1.0\;C:\Program Files (x86)\Windows Kits\8.0\Windows Performance Toolkit\;C:\Program Files\MATLAB\R2013a\runtime\win64;C:\Program Files\MATLAB\R2013a\bin;C:\Program Files\Python;C:\Libraries\qt4.8.5\bin;C:\Program Files\MATLAB\R2013a\bin\win64;C:\Program Files\Internet Explorer;C:\Program Files\Micro-Manager-1.4;C:\Program Files\mingw-builds\x64-4.8.1-posix-seh-rev5\mingw64\bin;
USERNAME=herrmannsdoerfer
OS=Windows_NT
PROCESSOR_IDENTIFIER=Intel64 Family 6 Model 58 Stepping 9, GenuineIntel



---------------  S Y S T E M  ---------------

OS: Windows 7 , 64 bit Build 7601 Service Pack 1

CPU:total 8 (4 cores per cpu, 2 threads per core) family 6 model 58 stepping 9, cmov, cx8, fxsr, mmx, sse, sse2, sse3, ssse3, sse4.1, sse4.2, popcnt, avx, aes, erms, ht, tsc, tscinvbit, tscinv

Memory: 4k page, physical 7945004k(1418216k free), swap 24008240k(7933088k free)

vm_info: Java HotSpot(TM) 64-Bit Server VM (24.51-b03) for windows-amd64 JRE (1.7.0_51-b13), built on Dec 18 2013 18:40:56 by "java_re" with unknown MS VC++:1600

time: Mon Nov 10 15:41:20 2014
elapsed time: 3814 seconds

